[02:27:45] [ServerMain/INFO]: Environment: Environment[sessionHost=https://sessionserver.mojang.com, servicesHost=https://api.minecraftservices.com, name=PROD]
[02:27:47] [ServerMain/INFO]: Loaded 1373 recipes
[02:27:47] [ServerMain/INFO]: Loaded 1484 advancements
[02:27:47] [Server thread/INFO]: Starting minecraft server version 1.21.5
[02:27:47] [Server thread/INFO]: Loading properties
[02:27:47] [Server thread/INFO]: Default game type: SURVIVAL
[02:27:47] [Server thread/INFO]: Generating keypair
[02:27:47] [Server thread/INFO]: Starting Minecraft server on *:25565
[02:27:47] [Server thread/INFO]: Using epoll channel type
[02:27:47] [Server thread/WARN]: **** SERVER IS RUNNING IN OFFLINE/INSECURE MODE!
[02:27:47] [Server thread/WARN]: The server will make no attempt to authenticate usernames. Beware.
[02:27:47] [Server thread/WARN]: While this makes the game possible to play without internet access, it also opens up the ability for hackers to connect with any username they choose.
[02:27:47] [Server thread/WARN]: To change this, set "online-mode" to "true" in the server.properties file.
[02:27:47] [Server thread/INFO]: Preparing level "world"
[02:27:48] [Server thread/INFO]: Preparing start region for dimension minecraft:overworld
[02:27:50] [Worker-Main-3/INFO]: Preparing spawn area: 0%
[02:27:50] [Worker-Main-3/INFO]: Preparing spawn area: 0%
[02:27:50] [Worker-Main-3/INFO]: Preparing spawn area: 0%
[02:27:50] [Worker-Main-3/INFO]: Preparing spawn area: 0%
[02:27:50] [Worker-Main-3/INFO]: Preparing spawn area: 0%
[02:27:50] [Worker-Main-1/INFO]: Preparing spawn area: 32%
[02:27:51] [Server thread/INFO]: Time elapsed: 2745 ms
[02:27:51] [Server thread/INFO]: Done (3.080s)! For help, type "help"
[02:27:58] [Server thread/INFO]: isafebrero[/100.103.217.30:57295] logged in with entity id 3 at (145.13231901326512, 62.9375, -162.03639812696838)
[02:27:58] [Server thread/INFO]: isafebrero joined the game
[02:55:38] [Server thread/INFO]: isafebrero lost connection: Disconnected
[02:55:38] [Server thread/INFO]: isafebrero left the game
[02:55:46] [Server thread/INFO]: isafebrero[/100.103.217.30:50961] logged in with entity id 10438 at (6518.300000011921, 96.62331842144873, 2635.699999988079)
[02:55:46] [Server thread/INFO]: isafebrero joined the game
[03:12:41] [Server thread/WARN]: isafebrero moved too quickly! 18.013126844777616,2.047401295902432,1.421977700591924
[03:25:32] [Server thread/INFO]: isafebrero lost connection: Timed out
[03:25:32] [Server thread/INFO]: isafebrero left the game
[03:25:32] [Server thread/WARN]: handleDisconnection() called twice
[03:25:35] [Server thread/INFO]: isafebrero[/100.103.217.30:53275] logged in with entity id 19296 at (4434.39372460823, 97.90905104996503, 4093.247339714848)
[03:25:35] [Server thread/INFO]: isafebrero joined the game
